{"C:\\Users\\Xavia\\OneDrive\\Documents\\All Coding Stuff\\Mernshop\\client\\src\\components\\FormContainer.jsx": {"path":"C:\\Users\\Xavia\\OneDrive\\Documents\\All Coding Stuff\\Mernshop\\client\\src\\components\\FormContainer.jsx","statementMap":{"0":{"start":{"line":3,"column":29},"end":{"line":9,"column":1}},"1":{"start":{"line":4,"column":2},"end":{"line":8,"column":4}}},"fnMap":{"0":{"name":"(anonymous_0)","decl":{"start":{"line":3,"column":29},"end":{"line":3,"column":30}},"loc":{"start":{"line":3,"column":62},"end":{"line":9,"column":1}},"line":3}},"branchMap":{},"s":{"0":1,"1":26},"f":{"0":26},"b":{},"_coverageSchema":"1a1c01bbd47fc00a2c39e90264f33305004495a9","hash":"8d6b5bf603670db3a6815415d0dc717c2342f7a5"}
,"C:\\Users\\Xavia\\OneDrive\\Documents\\All Coding Stuff\\Mernshop\\client\\src\\components\\FormErrorMessage.jsx": {"path":"C:\\Users\\Xavia\\OneDrive\\Documents\\All Coding Stuff\\Mernshop\\client\\src\\components\\FormErrorMessage.jsx","statementMap":{"0":{"start":{"line":4,"column":32},"end":{"line":15,"column":1}},"1":{"start":{"line":5,"column":2},"end":{"line":14,"column":4}}},"fnMap":{"0":{"name":"(anonymous_0)","decl":{"start":{"line":4,"column":32},"end":{"line":4,"column":33}},"loc":{"start":{"line":4,"column":57},"end":{"line":15,"column":1}},"line":4}},"branchMap":{"0":{"loc":{"start":{"line":8,"column":15},"end":{"line":8,"column":73}},"type":"cond-expr","locations":[{"start":{"line":8,"column":24},"end":{"line":8,"column":44}},{"start":{"line":8,"column":47},"end":{"line":8,"column":73}}],"line":8}},"s":{"0":1,"1":26},"f":{"0":26},"b":{"0":[5,21]},"_coverageSchema":"1a1c01bbd47fc00a2c39e90264f33305004495a9","hash":"c261d889f1016c49c1f229edba411f65d2472312"}
,"C:\\Users\\Xavia\\OneDrive\\Documents\\All Coding Stuff\\Mernshop\\client\\src\\components\\FormTextField.jsx": {"path":"C:\\Users\\Xavia\\OneDrive\\Documents\\All Coding Stuff\\Mernshop\\client\\src\\components\\FormTextField.jsx","statementMap":{"0":{"start":{"line":3,"column":29},"end":{"line":15,"column":1}},"1":{"start":{"line":4,"column":2},"end":{"line":14,"column":4}}},"fnMap":{"0":{"name":"(anonymous_0)","decl":{"start":{"line":3,"column":29},"end":{"line":3,"column":30}},"loc":{"start":{"line":3,"column":77},"end":{"line":15,"column":1}},"line":3}},"branchMap":{"0":{"loc":{"start":{"line":7,"column":14},"end":{"line":7,"column":28}},"type":"binary-expr","locations":[{"start":{"line":7,"column":14},"end":{"line":7,"column":18}},{"start":{"line":7,"column":22},"end":{"line":7,"column":28}}],"line":7},"1":{"loc":{"start":{"line":12,"column":7},"end":{"line":12,"column":75}},"type":"binary-expr","locations":[{"start":{"line":12,"column":7},"end":{"line":12,"column":11}},{"start":{"line":12,"column":15},"end":{"line":12,"column":75}}],"line":12}},"s":{"0":1,"1":78},"f":{"0":78},"b":{"0":[78,52],"1":[78,78]},"_coverageSchema":"1a1c01bbd47fc00a2c39e90264f33305004495a9","hash":"1151d043e93168decc1f41a723255968dddc658c"}
,"C:\\Users\\Xavia\\OneDrive\\Documents\\All Coding Stuff\\Mernshop\\client\\src\\components\\PrimaryButton.jsx": {"path":"C:\\Users\\Xavia\\OneDrive\\Documents\\All Coding Stuff\\Mernshop\\client\\src\\components\\PrimaryButton.jsx","statementMap":{"0":{"start":{"line":3,"column":29},"end":{"line":12,"column":1}},"1":{"start":{"line":4,"column":2},"end":{"line":11,"column":4}}},"fnMap":{"0":{"name":"(anonymous_0)","decl":{"start":{"line":3,"column":29},"end":{"line":3,"column":30}},"loc":{"start":{"line":3,"column":61},"end":{"line":12,"column":1}},"line":3}},"branchMap":{},"s":{"0":1,"1":26},"f":{"0":26},"b":{},"_coverageSchema":"1a1c01bbd47fc00a2c39e90264f33305004495a9","hash":"e09c3797c762b43e77fbb4f9e7752481099c3f7e"}
,"C:\\Users\\Xavia\\OneDrive\\Documents\\All Coding Stuff\\Mernshop\\client\\src\\pages\\Shop\\Shop.jsx": {"path":"C:\\Users\\Xavia\\OneDrive\\Documents\\All Coding Stuff\\Mernshop\\client\\src\\pages\\Shop\\Shop.jsx","statementMap":{"0":{"start":{"line":3,"column":20},"end":{"line":5,"column":1}},"1":{"start":{"line":4,"column":2},"end":{"line":4,"column":25}}},"fnMap":{"0":{"name":"(anonymous_0)","decl":{"start":{"line":3,"column":20},"end":{"line":3,"column":21}},"loc":{"start":{"line":3,"column":26},"end":{"line":5,"column":1}},"line":3}},"branchMap":{},"s":{"0":1,"1":1},"f":{"0":1},"b":{},"_coverageSchema":"1a1c01bbd47fc00a2c39e90264f33305004495a9","hash":"32157a4c517dc65e507a09be0daaa36992b2882b"}
,"C:\\Users\\Xavia\\OneDrive\\Documents\\All Coding Stuff\\Mernshop\\client\\src\\pages\\Signup\\Signup.jsx": {"path":"C:\\Users\\Xavia\\OneDrive\\Documents\\All Coding Stuff\\Mernshop\\client\\src\\pages\\Signup\\Signup.jsx","statementMap":{"0":{"start":{"line":12,"column":22},"end":{"line":113,"column":1}},"1":{"start":{"line":13,"column":34},"end":{"line":13,"column":46}},"2":{"start":{"line":14,"column":28},"end":{"line":14,"column":40}},"3":{"start":{"line":15,"column":34},"end":{"line":15,"column":46}},"4":{"start":{"line":16,"column":42},"end":{"line":19,"column":4}},"5":{"start":{"line":20,"column":26},"end":{"line":20,"column":64}},"6":{"start":{"line":21,"column":23},"end":{"line":21,"column":73}},"7":{"start":{"line":22,"column":26},"end":{"line":22,"column":72}},"8":{"start":{"line":23,"column":19},"end":{"line":23,"column":32}},"9":{"start":{"line":24,"column":19},"end":{"line":24,"column":32}},"10":{"start":{"line":28,"column":4},"end":{"line":32,"column":5}},"11":{"start":{"line":29,"column":6},"end":{"line":31,"column":9}},"12":{"start":{"line":30,"column":8},"end":{"line":30,"column":56}},"13":{"start":{"line":37,"column":4},"end":{"line":37,"column":23}},"14":{"start":{"line":39,"column":4},"end":{"line":64,"column":5}},"15":{"start":{"line":40,"column":6},"end":{"line":42,"column":7}},"16":{"start":{"line":41,"column":8},"end":{"line":41,"column":56}},"17":{"start":{"line":44,"column":6},"end":{"line":46,"column":7}},"18":{"start":{"line":45,"column":8},"end":{"line":45,"column":51}},"19":{"start":{"line":48,"column":6},"end":{"line":50,"column":7}},"20":{"start":{"line":49,"column":8},"end":{"line":49,"column":48}},"21":{"start":{"line":52,"column":6},"end":{"line":54,"column":7}},"22":{"start":{"line":53,"column":8},"end":{"line":53,"column":51}},"23":{"start":{"line":56,"column":23},"end":{"line":56,"column":69}},"24":{"start":{"line":57,"column":6},"end":{"line":57,"column":37}},"25":{"start":{"line":58,"column":6},"end":{"line":58,"column":20}},"26":{"start":{"line":60,"column":6},"end":{"line":63,"column":9}},"27":{"start":{"line":67,"column":2},"end":{"line":112,"column":4}},"28":{"start":{"line":81,"column":16},"end":{"line":81,"column":36}},"29":{"start":{"line":82,"column":16},"end":{"line":82,"column":44}},"30":{"start":{"line":89,"column":16},"end":{"line":89,"column":36}},"31":{"start":{"line":90,"column":16},"end":{"line":90,"column":41}},"32":{"start":{"line":98,"column":16},"end":{"line":98,"column":36}},"33":{"start":{"line":99,"column":16},"end":{"line":99,"column":44}}},"fnMap":{"0":{"name":"(anonymous_0)","decl":{"start":{"line":12,"column":22},"end":{"line":12,"column":23}},"loc":{"start":{"line":12,"column":28},"end":{"line":113,"column":1}},"line":12},"1":{"name":"closeErrorMessage","decl":{"start":{"line":27,"column":11},"end":{"line":27,"column":28}},"loc":{"start":{"line":27,"column":31},"end":{"line":33,"column":3}},"line":27},"2":{"name":"(anonymous_2)","decl":{"start":{"line":29,"column":22},"end":{"line":29,"column":23}},"loc":{"start":{"line":29,"column":32},"end":{"line":31,"column":7}},"line":29},"3":{"name":"formHandler","decl":{"start":{"line":36,"column":17},"end":{"line":36,"column":28}},"loc":{"start":{"line":36,"column":32},"end":{"line":65,"column":3}},"line":36},"4":{"name":"(anonymous_4)","decl":{"start":{"line":80,"column":29},"end":{"line":80,"column":30}},"loc":{"start":{"line":80,"column":36},"end":{"line":83,"column":15}},"line":80},"5":{"name":"(anonymous_5)","decl":{"start":{"line":88,"column":29},"end":{"line":88,"column":30}},"loc":{"start":{"line":88,"column":36},"end":{"line":91,"column":15}},"line":88},"6":{"name":"(anonymous_6)","decl":{"start":{"line":97,"column":29},"end":{"line":97,"column":30}},"loc":{"start":{"line":97,"column":36},"end":{"line":100,"column":15}},"line":97}},"branchMap":{"0":{"loc":{"start":{"line":28,"column":4},"end":{"line":32,"column":5}},"type":"if","locations":[{"start":{"line":28,"column":4},"end":{"line":32,"column":5}},{"start":{},"end":{}}],"line":28},"1":{"loc":{"start":{"line":40,"column":6},"end":{"line":42,"column":7}},"type":"if","locations":[{"start":{"line":40,"column":6},"end":{"line":42,"column":7}},{"start":{},"end":{}}],"line":40},"2":{"loc":{"start":{"line":40,"column":10},"end":{"line":40,"column":42}},"type":"binary-expr","locations":[{"start":{"line":40,"column":10},"end":{"line":40,"column":19}},{"start":{"line":40,"column":23},"end":{"line":40,"column":29}},{"start":{"line":40,"column":33},"end":{"line":40,"column":42}}],"line":40},"3":{"loc":{"start":{"line":44,"column":6},"end":{"line":46,"column":7}},"type":"if","locations":[{"start":{"line":44,"column":6},"end":{"line":46,"column":7}},{"start":{},"end":{}}],"line":44},"4":{"loc":{"start":{"line":48,"column":6},"end":{"line":50,"column":7}},"type":"if","locations":[{"start":{"line":48,"column":6},"end":{"line":50,"column":7}},{"start":{},"end":{}}],"line":48},"5":{"loc":{"start":{"line":52,"column":6},"end":{"line":54,"column":7}},"type":"if","locations":[{"start":{"line":52,"column":6},"end":{"line":54,"column":7}},{"start":{},"end":{}}],"line":52}},"s":{"0":1,"1":26,"2":26,"3":26,"4":26,"5":26,"6":26,"7":26,"8":26,"9":26,"10":15,"11":0,"12":0,"13":6,"14":6,"15":6,"16":1,"17":5,"18":1,"19":4,"20":1,"21":3,"22":1,"23":2,"24":1,"25":1,"26":5,"27":26,"28":5,"29":5,"30":5,"31":5,"32":5,"33":5},"f":{"0":26,"1":15,"2":0,"3":6,"4":5,"5":5,"6":5},"b":{"0":[0,15],"1":[1,5],"2":[6,5,5],"3":[1,4],"4":[1,3],"5":[1,2]},"_coverageSchema":"1a1c01bbd47fc00a2c39e90264f33305004495a9","hash":"723832af02b310d30968690b7181dada74d060a8"}
,"C:\\Users\\Xavia\\OneDrive\\Documents\\All Coding Stuff\\Mernshop\\client\\src\\services\\auth.services.js": {"path":"C:\\Users\\Xavia\\OneDrive\\Documents\\All Coding Stuff\\Mernshop\\client\\src\\services\\auth.services.js","statementMap":{"0":{"start":{"line":4,"column":14},"end":{"line":4,"column":49}},"1":{"start":{"line":6,"column":2},"end":{"line":17,"column":3}},"2":{"start":{"line":7,"column":21},"end":{"line":7,"column":73}},"3":{"start":{"line":8,"column":4},"end":{"line":8,"column":25}},"4":{"start":{"line":10,"column":23},"end":{"line":10,"column":28}},"5":{"start":{"line":12,"column":4},"end":{"line":14,"column":5}},"6":{"start":{"line":13,"column":6},"end":{"line":13,"column":43}},"7":{"start":{"line":16,"column":4},"end":{"line":16,"column":35}}},"fnMap":{"0":{"name":"signupRequest","decl":{"start":{"line":3,"column":15},"end":{"line":3,"column":28}},"loc":{"start":{"line":3,"column":56},"end":{"line":18,"column":1}},"line":3}},"branchMap":{"0":{"loc":{"start":{"line":12,"column":4},"end":{"line":14,"column":5}},"type":"if","locations":[{"start":{"line":12,"column":4},"end":{"line":14,"column":5}},{"start":{},"end":{}}],"line":12}},"s":{"0":2,"1":2,"2":2,"3":1,"4":1,"5":1,"6":0,"7":1},"f":{"0":2},"b":{"0":[0,1]},"_coverageSchema":"1a1c01bbd47fc00a2c39e90264f33305004495a9","hash":"249a8f9706d7e2968628eca706a00b01dc4165a9"}
,"C:\\Users\\Xavia\\OneDrive\\Documents\\All Coding Stuff\\Mernshop\\client\\src\\store\\store.js": {"path":"C:\\Users\\Xavia\\OneDrive\\Documents\\All Coding Stuff\\Mernshop\\client\\src\\store\\store.js","statementMap":{},"fnMap":{},"branchMap":{},"s":{},"f":{},"b":{},"_coverageSchema":"1a1c01bbd47fc00a2c39e90264f33305004495a9","hash":"f78e84ea470609be81a3fe070ab604cc0d7b66a2"}
,"C:\\Users\\Xavia\\OneDrive\\Documents\\All Coding Stuff\\Mernshop\\client\\src\\store\\features\\user\\userSlice.js": {"path":"C:\\Users\\Xavia\\OneDrive\\Documents\\All Coding Stuff\\Mernshop\\client\\src\\store\\features\\user\\userSlice.js","statementMap":{"0":{"start":{"line":3,"column":25},"end":{"line":21,"column":2}},"1":{"start":{"line":14,"column":6},"end":{"line":14,"column":35}},"2":{"start":{"line":18,"column":6},"end":{"line":18,"column":57}},"3":{"start":{"line":23,"column":41},"end":{"line":23,"column":58}}},"fnMap":{"0":{"name":"(anonymous_0)","decl":{"start":{"line":13,"column":16},"end":{"line":13,"column":17}},"loc":{"start":{"line":13,"column":35},"end":{"line":15,"column":5}},"line":13},"1":{"name":"(anonymous_1)","decl":{"start":{"line":17,"column":15},"end":{"line":17,"column":16}},"loc":{"start":{"line":17,"column":26},"end":{"line":19,"column":5}},"line":17}},"branchMap":{},"s":{"0":1,"1":1,"2":0,"3":1},"f":{"0":1,"1":0},"b":{},"_coverageSchema":"1a1c01bbd47fc00a2c39e90264f33305004495a9","hash":"292aeef03808c6ea0b8a1008f182f3413fbdcdb6"}
,"C:\\Users\\Xavia\\OneDrive\\Documents\\All Coding Stuff\\Mernshop\\client\\src\\utils\\validateUsingRegex.js": {"path":"C:\\Users\\Xavia\\OneDrive\\Documents\\All Coding Stuff\\Mernshop\\client\\src\\utils\\validateUsingRegex.js","statementMap":{"0":{"start":{"line":2,"column":2},"end":{"line":2,"column":29}}},"fnMap":{"0":{"name":"validateUsingRegex","decl":{"start":{"line":1,"column":9},"end":{"line":1,"column":27}},"loc":{"start":{"line":1,"column":44},"end":{"line":3,"column":1}},"line":1}},"branchMap":{},"s":{"0":18},"f":{"0":18},"b":{},"_coverageSchema":"1a1c01bbd47fc00a2c39e90264f33305004495a9","hash":"8e56e930c6a56678c40a9f90d7082612530f56da"}
}
