{"C:\\Users\\Xavia\\OneDrive\\Documents\\All Coding Stuff\\Mernshop\\client\\src\\components\\FormContainer.jsx": {"path":"C:\\Users\\Xavia\\OneDrive\\Documents\\All Coding Stuff\\Mernshop\\client\\src\\components\\FormContainer.jsx","statementMap":{"0":{"start":{"line":3,"column":29},"end":{"line":9,"column":1}},"1":{"start":{"line":4,"column":2},"end":{"line":8,"column":4}}},"fnMap":{"0":{"name":"(anonymous_0)","decl":{"start":{"line":3,"column":29},"end":{"line":3,"column":30}},"loc":{"start":{"line":3,"column":62},"end":{"line":9,"column":1}},"line":3}},"branchMap":{},"s":{"0":1,"1":2},"f":{"0":2},"b":{},"_coverageSchema":"1a1c01bbd47fc00a2c39e90264f33305004495a9","hash":"8d6b5bf603670db3a6815415d0dc717c2342f7a5"}
,"C:\\Users\\Xavia\\OneDrive\\Documents\\All Coding Stuff\\Mernshop\\client\\src\\components\\FormErrorMessage.jsx": {"path":"C:\\Users\\Xavia\\OneDrive\\Documents\\All Coding Stuff\\Mernshop\\client\\src\\components\\FormErrorMessage.jsx","statementMap":{"0":{"start":{"line":4,"column":32},"end":{"line":15,"column":1}},"1":{"start":{"line":5,"column":2},"end":{"line":14,"column":4}}},"fnMap":{"0":{"name":"(anonymous_0)","decl":{"start":{"line":4,"column":32},"end":{"line":4,"column":33}},"loc":{"start":{"line":4,"column":57},"end":{"line":15,"column":1}},"line":4}},"branchMap":{"0":{"loc":{"start":{"line":8,"column":15},"end":{"line":8,"column":73}},"type":"cond-expr","locations":[{"start":{"line":8,"column":24},"end":{"line":8,"column":44}},{"start":{"line":8,"column":47},"end":{"line":8,"column":73}}],"line":8}},"s":{"0":1,"1":2},"f":{"0":2},"b":{"0":[1,1]},"_coverageSchema":"1a1c01bbd47fc00a2c39e90264f33305004495a9","hash":"c261d889f1016c49c1f229edba411f65d2472312"}
,"C:\\Users\\Xavia\\OneDrive\\Documents\\All Coding Stuff\\Mernshop\\client\\src\\components\\FormTextField.jsx": {"path":"C:\\Users\\Xavia\\OneDrive\\Documents\\All Coding Stuff\\Mernshop\\client\\src\\components\\FormTextField.jsx","statementMap":{"0":{"start":{"line":3,"column":29},"end":{"line":15,"column":1}},"1":{"start":{"line":4,"column":2},"end":{"line":14,"column":4}}},"fnMap":{"0":{"name":"(anonymous_0)","decl":{"start":{"line":3,"column":29},"end":{"line":3,"column":30}},"loc":{"start":{"line":3,"column":77},"end":{"line":15,"column":1}},"line":3}},"branchMap":{"0":{"loc":{"start":{"line":7,"column":14},"end":{"line":7,"column":28}},"type":"binary-expr","locations":[{"start":{"line":7,"column":14},"end":{"line":7,"column":18}},{"start":{"line":7,"column":22},"end":{"line":7,"column":28}}],"line":7},"1":{"loc":{"start":{"line":12,"column":7},"end":{"line":12,"column":75}},"type":"binary-expr","locations":[{"start":{"line":12,"column":7},"end":{"line":12,"column":11}},{"start":{"line":12,"column":15},"end":{"line":12,"column":75}}],"line":12}},"s":{"0":1,"1":6},"f":{"0":6},"b":{"0":[6,4],"1":[6,6]},"_coverageSchema":"1a1c01bbd47fc00a2c39e90264f33305004495a9","hash":"1151d043e93168decc1f41a723255968dddc658c"}
,"C:\\Users\\Xavia\\OneDrive\\Documents\\All Coding Stuff\\Mernshop\\client\\src\\components\\PrimaryButton.jsx": {"path":"C:\\Users\\Xavia\\OneDrive\\Documents\\All Coding Stuff\\Mernshop\\client\\src\\components\\PrimaryButton.jsx","statementMap":{"0":{"start":{"line":3,"column":29},"end":{"line":12,"column":1}},"1":{"start":{"line":4,"column":2},"end":{"line":11,"column":4}}},"fnMap":{"0":{"name":"(anonymous_0)","decl":{"start":{"line":3,"column":29},"end":{"line":3,"column":30}},"loc":{"start":{"line":3,"column":61},"end":{"line":12,"column":1}},"line":3}},"branchMap":{},"s":{"0":1,"1":2},"f":{"0":2},"b":{},"_coverageSchema":"1a1c01bbd47fc00a2c39e90264f33305004495a9","hash":"e09c3797c762b43e77fbb4f9e7752481099c3f7e"}
,"C:\\Users\\Xavia\\OneDrive\\Documents\\All Coding Stuff\\Mernshop\\client\\src\\pages\\Signup\\Signup.jsx": {"path":"C:\\Users\\Xavia\\OneDrive\\Documents\\All Coding Stuff\\Mernshop\\client\\src\\pages\\Signup\\Signup.jsx","statementMap":{"0":{"start":{"line":8,"column":22},"end":{"line":101,"column":1}},"1":{"start":{"line":9,"column":34},"end":{"line":9,"column":46}},"2":{"start":{"line":10,"column":28},"end":{"line":10,"column":40}},"3":{"start":{"line":11,"column":34},"end":{"line":11,"column":46}},"4":{"start":{"line":12,"column":42},"end":{"line":15,"column":4}},"5":{"start":{"line":16,"column":26},"end":{"line":16,"column":64}},"6":{"start":{"line":17,"column":23},"end":{"line":17,"column":73}},"7":{"start":{"line":18,"column":26},"end":{"line":18,"column":72}},"8":{"start":{"line":22,"column":4},"end":{"line":26,"column":5}},"9":{"start":{"line":23,"column":6},"end":{"line":25,"column":9}},"10":{"start":{"line":24,"column":8},"end":{"line":24,"column":56}},"11":{"start":{"line":31,"column":4},"end":{"line":31,"column":23}},"12":{"start":{"line":33,"column":4},"end":{"line":56,"column":5}},"13":{"start":{"line":34,"column":6},"end":{"line":36,"column":7}},"14":{"start":{"line":35,"column":8},"end":{"line":35,"column":56}},"15":{"start":{"line":38,"column":6},"end":{"line":40,"column":7}},"16":{"start":{"line":39,"column":8},"end":{"line":39,"column":51}},"17":{"start":{"line":42,"column":6},"end":{"line":44,"column":7}},"18":{"start":{"line":43,"column":8},"end":{"line":43,"column":48}},"19":{"start":{"line":46,"column":6},"end":{"line":48,"column":7}},"20":{"start":{"line":47,"column":8},"end":{"line":47,"column":51}},"21":{"start":{"line":50,"column":6},"end":{"line":50,"column":13}},"22":{"start":{"line":52,"column":6},"end":{"line":55,"column":9}},"23":{"start":{"line":59,"column":2},"end":{"line":100,"column":4}},"24":{"start":{"line":73,"column":16},"end":{"line":73,"column":36}},"25":{"start":{"line":74,"column":16},"end":{"line":74,"column":44}},"26":{"start":{"line":81,"column":16},"end":{"line":81,"column":36}},"27":{"start":{"line":82,"column":16},"end":{"line":82,"column":41}},"28":{"start":{"line":90,"column":16},"end":{"line":90,"column":36}},"29":{"start":{"line":91,"column":16},"end":{"line":91,"column":44}}},"fnMap":{"0":{"name":"(anonymous_0)","decl":{"start":{"line":8,"column":22},"end":{"line":8,"column":23}},"loc":{"start":{"line":8,"column":28},"end":{"line":101,"column":1}},"line":8},"1":{"name":"closeErrorMessage","decl":{"start":{"line":21,"column":11},"end":{"line":21,"column":28}},"loc":{"start":{"line":21,"column":31},"end":{"line":27,"column":3}},"line":21},"2":{"name":"(anonymous_2)","decl":{"start":{"line":23,"column":22},"end":{"line":23,"column":23}},"loc":{"start":{"line":23,"column":32},"end":{"line":25,"column":7}},"line":23},"3":{"name":"formHandler","decl":{"start":{"line":30,"column":17},"end":{"line":30,"column":28}},"loc":{"start":{"line":30,"column":32},"end":{"line":57,"column":3}},"line":30},"4":{"name":"(anonymous_4)","decl":{"start":{"line":72,"column":29},"end":{"line":72,"column":30}},"loc":{"start":{"line":72,"column":36},"end":{"line":75,"column":15}},"line":72},"5":{"name":"(anonymous_5)","decl":{"start":{"line":80,"column":29},"end":{"line":80,"column":30}},"loc":{"start":{"line":80,"column":36},"end":{"line":83,"column":15}},"line":80},"6":{"name":"(anonymous_6)","decl":{"start":{"line":89,"column":29},"end":{"line":89,"column":30}},"loc":{"start":{"line":89,"column":36},"end":{"line":92,"column":15}},"line":89}},"branchMap":{"0":{"loc":{"start":{"line":22,"column":4},"end":{"line":26,"column":5}},"type":"if","locations":[{"start":{"line":22,"column":4},"end":{"line":26,"column":5}},{"start":{},"end":{}}],"line":22},"1":{"loc":{"start":{"line":34,"column":6},"end":{"line":36,"column":7}},"type":"if","locations":[{"start":{"line":34,"column":6},"end":{"line":36,"column":7}},{"start":{},"end":{}}],"line":34},"2":{"loc":{"start":{"line":34,"column":10},"end":{"line":34,"column":42}},"type":"binary-expr","locations":[{"start":{"line":34,"column":10},"end":{"line":34,"column":19}},{"start":{"line":34,"column":23},"end":{"line":34,"column":29}},{"start":{"line":34,"column":33},"end":{"line":34,"column":42}}],"line":34},"3":{"loc":{"start":{"line":38,"column":6},"end":{"line":40,"column":7}},"type":"if","locations":[{"start":{"line":38,"column":6},"end":{"line":40,"column":7}},{"start":{},"end":{}}],"line":38},"4":{"loc":{"start":{"line":42,"column":6},"end":{"line":44,"column":7}},"type":"if","locations":[{"start":{"line":42,"column":6},"end":{"line":44,"column":7}},{"start":{},"end":{}}],"line":42},"5":{"loc":{"start":{"line":46,"column":6},"end":{"line":48,"column":7}},"type":"if","locations":[{"start":{"line":46,"column":6},"end":{"line":48,"column":7}},{"start":{},"end":{}}],"line":46}},"s":{"0":1,"1":2,"2":2,"3":2,"4":2,"5":2,"6":2,"7":2,"8":0,"9":0,"10":0,"11":1,"12":1,"13":1,"14":1,"15":0,"16":0,"17":0,"18":0,"19":0,"20":0,"21":0,"22":1,"23":2,"24":0,"25":0,"26":0,"27":0,"28":0,"29":0},"f":{"0":2,"1":0,"2":0,"3":1,"4":0,"5":0,"6":0},"b":{"0":[0,0],"1":[1,0],"2":[1,0,0],"3":[0,0],"4":[0,0],"5":[0,0]},"_coverageSchema":"1a1c01bbd47fc00a2c39e90264f33305004495a9","hash":"8ea635fcfab841339010592d946e161a31914449"}
,"C:\\Users\\Xavia\\OneDrive\\Documents\\All Coding Stuff\\Mernshop\\client\\src\\utils\\validateUsingRegex.js": {"path":"C:\\Users\\Xavia\\OneDrive\\Documents\\All Coding Stuff\\Mernshop\\client\\src\\utils\\validateUsingRegex.js","statementMap":{"0":{"start":{"line":2,"column":2},"end":{"line":2,"column":29}}},"fnMap":{"0":{"name":"validateUsingRegex","decl":{"start":{"line":1,"column":9},"end":{"line":1,"column":27}},"loc":{"start":{"line":1,"column":44},"end":{"line":3,"column":1}},"line":1}},"branchMap":{},"s":{"0":6},"f":{"0":6},"b":{},"_coverageSchema":"1a1c01bbd47fc00a2c39e90264f33305004495a9","hash":"8e56e930c6a56678c40a9f90d7082612530f56da"}
}
