TN:
SF:src\pages\Signup\Signup.jsx
FN:5,(anonymous_0)
FN:19,(anonymous_1)
FN:27,(anonymous_2)
FN:38,(anonymous_3)
FN:51,(anonymous_4)
FN:63,closeErrorMessage
FN:65,(anonymous_6)
FN:71,formHandler
FN:113,(anonymous_8)
FN:121,(anonymous_9)
FN:130,(anonymous_10)
FNF:11
FNH:6
FNDA:6,(anonymous_0)
FNDA:2,(anonymous_1)
FNDA:2,(anonymous_2)
FNDA:2,(anonymous_3)
FNDA:2,(anonymous_4)
FNDA:0,closeErrorMessage
FNDA:0,(anonymous_6)
FNDA:1,formHandler
FNDA:0,(anonymous_8)
FNDA:0,(anonymous_9)
FNDA:0,(anonymous_10)
DA:5,1
DA:6,6
DA:19,1
DA:20,2
DA:27,1
DA:28,2
DA:38,1
DA:39,2
DA:51,1
DA:52,2
DA:53,2
DA:54,2
DA:55,2
DA:59,2
DA:60,2
DA:61,2
DA:64,0
DA:65,0
DA:66,0
DA:72,1
DA:74,1
DA:75,1
DA:76,1
DA:79,0
DA:80,0
DA:83,0
DA:84,0
DA:87,0
DA:88,0
DA:91,0
DA:93,1
DA:100,2
DA:114,0
DA:115,0
DA:122,0
DA:123,0
DA:131,0
DA:132,0
LF:38
LH:22
BRDA:9,0,0,6
BRDA:9,0,1,4
BRDA:14,1,0,6
BRDA:14,1,1,6
BRDA:42,2,0,1
BRDA:42,2,1,1
BRDA:64,3,0,0
BRDA:64,3,1,0
BRDA:75,4,0,1
BRDA:75,4,1,0
BRDA:75,5,0,1
BRDA:75,5,1,0
BRDA:75,5,2,0
BRDA:79,6,0,0
BRDA:79,6,1,0
BRDA:83,7,0,0
BRDA:83,7,1,0
BRDA:87,8,0,0
BRDA:87,8,1,0
BRF:19
BRH:8
end_of_record
TN:
SF:src\utils\validateUsingRegex.js
FN:1,validateUsingRegex
FNF:1
FNH:1
FNDA:6,validateUsingRegex
DA:2,6
LF:1
LH:1
BRF:0
BRH:0
end_of_record
